[+] Containers:
 |- [+] Container: /Game/shooter_level/ShooterLevel
 |   |- [+] ActorDescs:
 |   |   |- Guid:03A918D141922F712DB1D7B2681BEC62 BaseClass: NativeClass:/Script/Engine.SkyAtmosphere Name:SkyAtmosphere_UAID_A85E45CFE40401D200_1470382762 Label:SkyAtmosphere SpatiallyLoaded:0 Bounds:IsValid=true, Min=(X=0.000 Y=0.000 Z=0.000), Max=(X=0.000 Y=0.000 Z=0.000) RuntimeGrid:None EditorOnly:0 RuntimeOnly:0 HLODRelevant:0 ListedInSceneOutliner:1 IsMainWorldOnly:0 FolderPath:Lighting FolderGuid:B7E9BD5B45A652654791988DEF54CCEB
 |   |   |- Guid:054EEAF14595C20C3D8433B0C03F7E40 BaseClass: NativeClass:/Script/Engine.StaticMeshActor Name:StaticMeshActor_UAID_30D042E63089D41D02_1488499440 Label:Cube2 SpatiallyLoaded:1 Bounds:IsValid=true, Min=(X=-2710.000 Y=-1300.000 Z=0.000), Max=(X=-2610.000 Y=-1200.000 Z=100.000) RuntimeGrid:None EditorOnly:0 RuntimeOnly:0 HLODRelevant:1 ListedInSceneOutliner:1 IsMainWorldOnly:0
 |   |   |- Guid:0570DFB64FB9AB382C50D394096C33BD BaseClass: NativeClass:/Script/NavigationSystem.NavMeshBoundsVolume Name:NavMeshBoundsVolume_UAID_30D042E63089681F02_1284941541 Label:NavMeshBoundsVolume SpatiallyLoaded:0 Bounds:IsValid=true, Min=(X=-6000.000 Y=-6000.000 Z=-490.000), Max=(X=6000.000 Y=6000.000 Z=510.000) RuntimeGrid:None EditorOnly:0 RuntimeOnly:0 HLODRelevant:0 ListedInSceneOutliner:1 IsMainWorldOnly:0
 |   |   |- Guid:05D345AC4FB53BCA282CC5B97FCD26FB BaseClass: NativeClass:/Script/Engine.PlayerStart Name:PlayerStart_UAID_244BFEE9F5200E1D02_1688443585 Label:PlayerStart SpatiallyLoaded:0 Bounds:IsValid=true, Min=(X=-56.569 Y=-56.569 Z=-92.000), Max=(X=56.569 Y=56.569 Z=92.000) RuntimeGrid:None EditorOnly:0 RuntimeOnly:0 HLODRelevant:0 ListedInSceneOutliner:1 IsMainWorldOnly:0
 |   |   |- Guid:066E5C66490F43866EE0ADA4B17B6FC4 BaseClass: NativeClass:/Script/CinematicCamera.CineCameraActor Name:CineCameraActor_UAID_30D042E63089D41D02_2002872445 Label:CineCameraActor SpatiallyLoaded:0 Bounds:IsValid=true, Min=(X=-2640.000 Y=-2850.000 Z=1040.000), Max=(X=-2640.000 Y=-2850.000 Z=1040.000) RuntimeGrid:None EditorOnly:0 RuntimeOnly:0 HLODRelevant:0 ListedInSceneOutliner:1 IsMainWorldOnly:0
 |   |   |- Guid:0D5B23764D30C74FC59FE2A122510880 BaseClass: NativeClass:/Script/Engine.StaticMeshActor Name:StaticMeshActor_UAID_30D042E63089D11D02_2138673903 Label:Floor_400x400 SpatiallyLoaded:1 Bounds:IsValid=true, Min=(X=-4000.000 Y=-4000.000 Z=-100.501), Max=(X=4000.000 Y=4000.000 Z=-0.500) RuntimeGrid:None EditorOnly:0 RuntimeOnly:0 HLODRelevant:1 ListedInSceneOutliner:1 IsMainWorldOnly:0
 |   |   |- Guid:0F0A574D48FDFBF8A36BB5930C5FE62D BaseClass: NativeClass:/Script/CinematicCamera.CineCameraActor Name:CineCameraActor_UAID_30D042E63089651F02_1889843008 Label:CineCameraActor2 SpatiallyLoaded:0 Bounds:IsValid=true, Min=(X=330.000 Y=50.000 Z=20.000), Max=(X=330.000 Y=50.000 Z=20.000) RuntimeGrid:None EditorOnly:0 RuntimeOnly:0 HLODRelevant:0 ListedInSceneOutliner:1 IsMainWorldOnly:0
 |   |   |- Guid:1878146F465908B00A8382BA8A25A8C2 BaseClass: NativeClass:/Script/Engine.StaticMeshActor Name:StaticMeshActor_UAID_30D042E63089D41D02_1494779442 Label:Cube4 SpatiallyLoaded:1 Bounds:IsValid=true, Min=(X=-680.000 Y=-1950.000 Z=0.000), Max=(X=-580.000 Y=-1850.000 Z=100.000) RuntimeGrid:None EditorOnly:0 RuntimeOnly:0 HLODRelevant:0 ListedInSceneOutliner:1 IsMainWorldOnly:0
 |   |   |- Guid:19557045440D7752606B37809A9A33B3 BaseClass: NativeClass:/Script/LevelSequence.LevelSequenceActor Name:LevelSequenceActor_UAID_30D042E63089D51D02_1124014622 Label:LevelSequence SpatiallyLoaded:0 Bounds:IsValid=true, Min=(X=20.000 Y=110.000 Z=0.000), Max=(X=20.000 Y=110.000 Z=0.000) RuntimeGrid:None EditorOnly:0 RuntimeOnly:0 HLODRelevant:0 ListedInSceneOutliner:1 IsMainWorldOnly:0
 |   |   |- Guid:1D22A3E144DF45314B8F2A9B58544E4A BaseClass: NativeClass:/Script/CinematicCamera.CineCameraActor Name:CineCameraActor_UAID_30D042E63089651F02_1934513009 Label:CineCameraActor3 SpatiallyLoaded:0 Bounds:IsValid=true, Min=(X=-350.000 Y=510.000 Z=-100.000), Max=(X=-350.000 Y=510.000 Z=-100.000) RuntimeGrid:None EditorOnly:0 RuntimeOnly:0 HLODRelevant:0 ListedInSceneOutliner:1 IsMainWorldOnly:0
 |   |   |- Guid:1D57A4C0474797E917CE0380F95849D7 BaseClass:/Game/shooter_level/Truck/BP_Truck.BP_Truck_C NativeClass:/Script/ChaosVehicles.WheeledVehiclePawn Name:BP_Truck_C_UAID_30D042E63089022602_1822895975 Label:BP_Truck SpatiallyLoaded:1 Bounds:IsValid=true, Min=(X=-679.000 Y=-2958.000 Z=-1291.000), Max=(X=2521.000 Y=242.000 Z=1909.000) RuntimeGrid:None EditorOnly:0 RuntimeOnly:0 HLODRelevant:0 ListedInSceneOutliner:1 IsMainWorldOnly:0
 |   |   |- Guid:396A146B4DF11ED74F495BBCC5196CD9 BaseClass: NativeClass:/Script/Engine.VolumetricCloud Name:VolumetricCloud_UAID_A85E45CFE40401D200_1470381760 Label:VolumetricCloud SpatiallyLoaded:0 Bounds:IsValid=true, Min=(X=0.000 Y=0.000 Z=0.000), Max=(X=0.000 Y=0.000 Z=0.000) RuntimeGrid:None EditorOnly:0 RuntimeOnly:0 HLODRelevant:0 ListedInSceneOutliner:1 IsMainWorldOnly:0 FolderPath:Lighting FolderGuid:B7E9BD5B45A652654791988DEF54CCEB
 |   |   |- Guid:3ABB58B949B751E51B2048B0AD94FBE0 BaseClass: NativeClass:/Script/Engine.SkyLight Name:SkyLight_UAID_A85E45CFE40401D200_1470380759 Label:SkyLight SpatiallyLoaded:0 Bounds:IsValid=true, Min=(X=0.000 Y=0.000 Z=0.000), Max=(X=0.000 Y=0.000 Z=0.000) RuntimeGrid:None EditorOnly:0 RuntimeOnly:0 HLODRelevant:0 ListedInSceneOutliner:1 IsMainWorldOnly:0 FolderPath:Lighting FolderGuid:B7E9BD5B45A652654791988DEF54CCEB
 |   |   |- Guid:3ABF8778492478E28D37579CB5A83E87 BaseClass: NativeClass:/Script/Engine.StaticMeshActor Name:StaticMeshActor_UAID_A4AE111137DC54FB00_1240666663 Label:SM_SkySphere SpatiallyLoaded:0 Bounds:IsValid=true, Min=(X=-1638400.000 Y=-1638400.000 Z=-1638400.000), Max=(X=1638400.000 Y=1638400.000 Z=1638400.000) RuntimeGrid:None EditorOnly:0 RuntimeOnly:0 HLODRelevant:0 ListedInSceneOutliner:1 IsMainWorldOnly:1 FolderPath:Lighting FolderGuid:B7E9BD5B45A652654791988DEF54CCEB
 |   |   |- Guid:87159113496B79E68531629474C9FFCC BaseClass: NativeClass:/Script/Engine.StaticMeshActor Name:StaticMeshActor_UAID_30D042E63089D41D02_1492650441 Label:Cube3 SpatiallyLoaded:1 Bounds:IsValid=true, Min=(X=-1940.000 Y=-1150.000 Z=0.000), Max=(X=-1440.000 Y=-650.000 Z=500.000) RuntimeGrid:None EditorOnly:0 RuntimeOnly:0 HLODRelevant:0 ListedInSceneOutliner:1 IsMainWorldOnly:0
 |   |   |- Guid:8D97F84545CB04444E6C81A6E7814796 BaseClass: NativeClass:/Script/Engine.StaticMeshActor Name:StaticMeshActor_UAID_30D042E63089D41D02_1497159443 Label:Cube5 SpatiallyLoaded:1 Bounds:IsValid=true, Min=(X=-930.000 Y=-1700.000 Z=0.000), Max=(X=-830.000 Y=-1600.000 Z=100.000) RuntimeGrid:None EditorOnly:0 RuntimeOnly:0 HLODRelevant:0 ListedInSceneOutliner:1 IsMainWorldOnly:0
 |   |   |- Guid:9191C5C044D00C7503842CAA6E4F89E2 BaseClass: NativeClass:/Script/Engine.StaticMeshActor Name:StaticMeshActor_UAID_30D042E63089D41D02_1442744439 Label:Cube SpatiallyLoaded:1 Bounds:IsValid=true, Min=(X=-1280.000 Y=-2300.000 Z=0.000), Max=(X=-1180.000 Y=-2200.000 Z=100.000) RuntimeGrid:None EditorOnly:0 RuntimeOnly:0 HLODRelevant:0 ListedInSceneOutliner:1 IsMainWorldOnly:0
 |   |   |- Guid:99BA54C040EBD022E15D869840F8390D BaseClass: NativeClass:/Script/Engine.DirectionalLight Name:DirectionalLight_UAID_A85E45CFE40401D200_1470382761 Label:DirectionalLight SpatiallyLoaded:0 Bounds:Invalid RuntimeGrid:None EditorOnly:0 RuntimeOnly:0 HLODRelevant:0 ListedInSceneOutliner:1 IsMainWorldOnly:1 FolderPath:Lighting FolderGuid:B7E9BD5B45A652654791988DEF54CCEB
 |   |   |- Guid:A36F0C9044E61060DADD2C90016ECE22 BaseClass:/Game/shooter_level/AI/AI_CarModel/AI_CarBP.AI_CarBP_C NativeClass:/Script/ChaosVehicles.WheeledVehiclePawn Name:CarBP1_C_UAID_30D042E63089A01F02_1955872396 Label:AI_CarBP1 SpatiallyLoaded:1 Bounds:IsValid=true, Min=(X=-137.836 Y=-1452.029 Z=24.216), Max=(X=91.574 Y=-1211.969 Z=82.305) RuntimeGrid:None EditorOnly:0 RuntimeOnly:0 HLODRelevant:0 ListedInSceneOutliner:1 IsMainWorldOnly:0
 |   |   |- Guid:B0DF04054823C5CA975B50970F4B4D25 BaseClass: NativeClass:/Script/NavigationSystem.RecastNavMesh Name:RecastNavMesh_UAID_30D042E63089681F02-Default Label:RecastNavMesh-Default SpatiallyLoaded:0 Bounds:IsValid=true, Min=(X=0.000 Y=0.000 Z=0.000), Max=(X=0.000 Y=0.000 Z=0.000) RuntimeGrid:None EditorOnly:0 RuntimeOnly:0 HLODRelevant:0 ListedInSceneOutliner:1 IsMainWorldOnly:0
 |   |   |- Guid:B171E09042910840F6E23F8839221F94 BaseClass:/Game/shooter_level/AISplineFollowing/BP_TruckSplineFollowing.BP_TruckSplineFollowing_C NativeClass:/Script/Engine.Actor Name:BP_TruckSplineFollowing_C_UAID_30D042E63089082602_1819552034 Label:BP_TruckSplineFollowing SpatiallyLoaded:1 Bounds:IsValid=true, Min=(X=-1262.000 Y=2883.480 Z=21.714), Max=(X=-638.000 Y=3170.260 Z=365.820) RuntimeGrid:None EditorOnly:0 RuntimeOnly:0 HLODRelevant:0 ListedInSceneOutliner:1 IsMainWorldOnly:0
 |   |   |- Guid:B2FD513041B3B85FE3DDF0A264D8186E BaseClass: NativeClass:/Script/Engine.WorldDataLayers Name:WorldDataLayers Label:WorldDataLayers-1 SpatiallyLoaded:0 Bounds:Invalid RuntimeGrid:None EditorOnly:0 RuntimeOnly:0 HLODRelevant:0 ListedInSceneOutliner:1 IsMainWorldOnly:1
 |   |   |- Guid:BC3F2F884CBBD4DEB4E02F95D617F177 BaseClass: NativeClass:/Script/Engine.ExponentialHeightFog Name:ExponentialHeightFog_UAID_A85E45CFE40401D200_1470382763 Label:ExponentialHeightFog SpatiallyLoaded:0 Bounds:IsValid=true, Min=(X=-5600.000 Y=-50.000 Z=-6850.000), Max=(X=-5600.000 Y=-50.000 Z=-6850.000) RuntimeGrid:None EditorOnly:0 RuntimeOnly:0 HLODRelevant:0 ListedInSceneOutliner:1 IsMainWorldOnly:0 FolderPath:Lighting FolderGuid:B7E9BD5B45A652654791988DEF54CCEB
 |   |   |- Guid:C395BDF04379324F70D2EC8177A8694B BaseClass:/Game/shooter_level/FallOffTrigger.FallOffTrigger_C NativeClass:/Script/Engine.Actor Name:FallOffTrigger_C_UAID_30D042E63089671F02_1276890363 Label:FallOffTrigger SpatiallyLoaded:1 Bounds:IsValid=true, Min=(X=-17600.000 Y=-17600.000 Z=-232.000), Max=(X=17600.000 Y=17600.000 Z=-168.000) RuntimeGrid:None EditorOnly:0 RuntimeOnly:0 HLODRelevant:0 ListedInSceneOutliner:1 IsMainWorldOnly:0
 |   |   |- Guid:C6F16E85485719204F420398A567DAFD BaseClass:/Game/shooter_level/Ball.Ball_C NativeClass:/Script/Engine.Actor Name:Ball_C_UAID_30D042E630899B1F02_2019219513 Label:Ball SpatiallyLoaded:1 Bounds:IsValid=true, Min=(X=-694.000 Y=-376.000 Z=11.000), Max=(X=-198.000 Y=120.000 Z=507.000) RuntimeGrid:None EditorOnly:0 RuntimeOnly:0 HLODRelevant:0 ListedInSceneOutliner:1 IsMainWorldOnly:0
 |   |   |- Guid:CB9851894FEB54978C8DAAAD890D531C BaseClass: NativeClass:/Script/Landscape.Landscape Name:Landscape_UAID_A85E45CFE404FBD100_1221515703 Label:Landscape SpatiallyLoaded:0 Bounds:IsValid=true, Min=(X=-100800.000 Y=-100800.000 Z=100.000), Max=(X=-100800.000 Y=-100800.000 Z=100.000) RuntimeGrid:None EditorOnly:0 RuntimeOnly:0 HLODRelevant:0 ListedInSceneOutliner:1 IsMainWorldOnly:0
 |   |   |- Guid:E3325C2C42C686B37155508E837BC569 BaseClass:/Game/shooter_level/Truck/BP_Truck.BP_Truck_C NativeClass:/Script/ChaosVehicles.WheeledVehiclePawn Name:BP_Truck_C_UAID_30D042E63089DF2702_1490205930 Label:BP_Truck2 SpatiallyLoaded:1 Bounds:IsValid=true, Min=(X=-499.000 Y=-2139.000 Z=-1446.000), Max=(X=2701.000 Y=1061.000 Z=1754.000) RuntimeGrid:None EditorOnly:0 RuntimeOnly:0 HLODRelevant:0 ListedInSceneOutliner:1 IsMainWorldOnly:0
 |   |   |- Guid:EFFAFDEA40DD973EA89E999535C0CAFE BaseClass:/Game/shooter_level/AISplineFollowing/BP_AIPath.BP_AIPath_C NativeClass:/Script/Engine.Actor Name:BP_AIPath_C_UAID_30D042E63089072602_1571436856 Label:BP_AIPath SpatiallyLoaded:1 Bounds:IsValid=true, Min=(X=-2283.065 Y=-869.799 Z=-1.355), Max=(X=3116.286 Y=2705.589 Z=3.782) RuntimeGrid:None EditorOnly:0 RuntimeOnly:0 HLODRelevant:0 ListedInSceneOutliner:1 IsMainWorldOnly:0
 |   |   |- Guid:FA4C0D55499741FB21A9F98040049BAD BaseClass:/Game/shooter_level/Boss.Boss_C NativeClass:/Script/Engine.Character Name:Boss_C_UAID_30D042E63089681F02_1243387540 Label:Boss SpatiallyLoaded:1 Bounds:IsValid=true, Min=(X=-3751.309 Y=-3768.235 Z=8.000), Max=(X=-3042.411 Y=-3075.340 Z=168.000) RuntimeGrid:None EditorOnly:0 RuntimeOnly:0 HLODRelevant:0 ListedInSceneOutliner:1 IsMainWorldOnly:0
 |   |   |- Guid:FDDE9D674008A8E5EFD237A639E0715B BaseClass: NativeClass:/Script/Engine.StaticMeshActor Name:StaticMeshActor_UAID_30D042E630899B1F02_1724143511 Label:Sphere_Brush_StaticMesh SpatiallyLoaded:1 Bounds:IsValid=true, Min=(X=-696.000 Y=-1506.000 Z=4.000), Max=(X=-184.000 Y=-994.000 Z=516.000) RuntimeGrid:None EditorOnly:0 RuntimeOnly:0 HLODRelevant:0 ListedInSceneOutliner:1 IsMainWorldOnly:0
 |   |- [+] Clusters:
 |   |   |- [+] [  0]
 |   |   |   |- Guid:03A918D141922F712DB1D7B2681BEC62 BaseClass: NativeClass:/Script/Engine.SkyAtmosphere Name:SkyAtmosphere_UAID_A85E45CFE40401D200_1470382762 Label:SkyAtmosphere SpatiallyLoaded:0 Bounds:IsValid=true, Min=(X=0.000 Y=0.000 Z=0.000), Max=(X=0.000 Y=0.000 Z=0.000) RuntimeGrid:None EditorOnly:0 RuntimeOnly:0 HLODRelevant:0 ListedInSceneOutliner:1 IsMainWorldOnly:0 FolderPath:Lighting FolderGuid:B7E9BD5B45A652654791988DEF54CCEB
 |   |   |- [+] [  1]
 |   |   |   |- Guid:054EEAF14595C20C3D8433B0C03F7E40 BaseClass: NativeClass:/Script/Engine.StaticMeshActor Name:StaticMeshActor_UAID_30D042E63089D41D02_1488499440 Label:Cube2 SpatiallyLoaded:1 Bounds:IsValid=true, Min=(X=-2710.000 Y=-1300.000 Z=0.000), Max=(X=-2610.000 Y=-1200.000 Z=100.000) RuntimeGrid:None EditorOnly:0 RuntimeOnly:0 HLODRelevant:1 ListedInSceneOutliner:1 IsMainWorldOnly:0
 |   |   |- [+] [  2]
 |   |   |   |- Guid:0570DFB64FB9AB382C50D394096C33BD BaseClass: NativeClass:/Script/NavigationSystem.NavMeshBoundsVolume Name:NavMeshBoundsVolume_UAID_30D042E63089681F02_1284941541 Label:NavMeshBoundsVolume SpatiallyLoaded:0 Bounds:IsValid=true, Min=(X=-6000.000 Y=-6000.000 Z=-490.000), Max=(X=6000.000 Y=6000.000 Z=510.000) RuntimeGrid:None EditorOnly:0 RuntimeOnly:0 HLODRelevant:0 ListedInSceneOutliner:1 IsMainWorldOnly:0
 |   |   |- [+] [  3]
 |   |   |   |- Guid:05D345AC4FB53BCA282CC5B97FCD26FB BaseClass: NativeClass:/Script/Engine.PlayerStart Name:PlayerStart_UAID_244BFEE9F5200E1D02_1688443585 Label:PlayerStart SpatiallyLoaded:0 Bounds:IsValid=true, Min=(X=-56.569 Y=-56.569 Z=-92.000), Max=(X=56.569 Y=56.569 Z=92.000) RuntimeGrid:None EditorOnly:0 RuntimeOnly:0 HLODRelevant:0 ListedInSceneOutliner:1 IsMainWorldOnly:0
 |   |   |- [+] [  4]
 |   |   |   |- Guid:066E5C66490F43866EE0ADA4B17B6FC4 BaseClass: NativeClass:/Script/CinematicCamera.CineCameraActor Name:CineCameraActor_UAID_30D042E63089D41D02_2002872445 Label:CineCameraActor SpatiallyLoaded:0 Bounds:IsValid=true, Min=(X=-2640.000 Y=-2850.000 Z=1040.000), Max=(X=-2640.000 Y=-2850.000 Z=1040.000) RuntimeGrid:None EditorOnly:0 RuntimeOnly:0 HLODRelevant:0 ListedInSceneOutliner:1 IsMainWorldOnly:0
 |   |   |- [+] [  5]
 |   |   |   |- Guid:0D5B23764D30C74FC59FE2A122510880 BaseClass: NativeClass:/Script/Engine.StaticMeshActor Name:StaticMeshActor_UAID_30D042E63089D11D02_2138673903 Label:Floor_400x400 SpatiallyLoaded:1 Bounds:IsValid=true, Min=(X=-4000.000 Y=-4000.000 Z=-100.501), Max=(X=4000.000 Y=4000.000 Z=-0.500) RuntimeGrid:None EditorOnly:0 RuntimeOnly:0 HLODRelevant:1 ListedInSceneOutliner:1 IsMainWorldOnly:0
 |   |   |- [+] [  6]
 |   |   |   |- Guid:0F0A574D48FDFBF8A36BB5930C5FE62D BaseClass: NativeClass:/Script/CinematicCamera.CineCameraActor Name:CineCameraActor_UAID_30D042E63089651F02_1889843008 Label:CineCameraActor2 SpatiallyLoaded:0 Bounds:IsValid=true, Min=(X=330.000 Y=50.000 Z=20.000), Max=(X=330.000 Y=50.000 Z=20.000) RuntimeGrid:None EditorOnly:0 RuntimeOnly:0 HLODRelevant:0 ListedInSceneOutliner:1 IsMainWorldOnly:0
 |   |   |- [+] [  7]
 |   |   |   |- Guid:1878146F465908B00A8382BA8A25A8C2 BaseClass: NativeClass:/Script/Engine.StaticMeshActor Name:StaticMeshActor_UAID_30D042E63089D41D02_1494779442 Label:Cube4 SpatiallyLoaded:1 Bounds:IsValid=true, Min=(X=-680.000 Y=-1950.000 Z=0.000), Max=(X=-580.000 Y=-1850.000 Z=100.000) RuntimeGrid:None EditorOnly:0 RuntimeOnly:0 HLODRelevant:0 ListedInSceneOutliner:1 IsMainWorldOnly:0
 |   |   |- [+] [  8]
 |   |   |   |- Guid:19557045440D7752606B37809A9A33B3 BaseClass: NativeClass:/Script/LevelSequence.LevelSequenceActor Name:LevelSequenceActor_UAID_30D042E63089D51D02_1124014622 Label:LevelSequence SpatiallyLoaded:0 Bounds:IsValid=true, Min=(X=20.000 Y=110.000 Z=0.000), Max=(X=20.000 Y=110.000 Z=0.000) RuntimeGrid:None EditorOnly:0 RuntimeOnly:0 HLODRelevant:0 ListedInSceneOutliner:1 IsMainWorldOnly:0
 |   |   |- [+] [  9]
 |   |   |   |- Guid:1D22A3E144DF45314B8F2A9B58544E4A BaseClass: NativeClass:/Script/CinematicCamera.CineCameraActor Name:CineCameraActor_UAID_30D042E63089651F02_1934513009 Label:CineCameraActor3 SpatiallyLoaded:0 Bounds:IsValid=true, Min=(X=-350.000 Y=510.000 Z=-100.000), Max=(X=-350.000 Y=510.000 Z=-100.000) RuntimeGrid:None EditorOnly:0 RuntimeOnly:0 HLODRelevant:0 ListedInSceneOutliner:1 IsMainWorldOnly:0
 |   |   |- [+] [ 10]
 |   |   |   |- Guid:1D57A4C0474797E917CE0380F95849D7 BaseClass:/Game/shooter_level/Truck/BP_Truck.BP_Truck_C NativeClass:/Script/ChaosVehicles.WheeledVehiclePawn Name:BP_Truck_C_UAID_30D042E63089022602_1822895975 Label:BP_Truck SpatiallyLoaded:1 Bounds:IsValid=true, Min=(X=-679.000 Y=-2958.000 Z=-1291.000), Max=(X=2521.000 Y=242.000 Z=1909.000) RuntimeGrid:None EditorOnly:0 RuntimeOnly:0 HLODRelevant:0 ListedInSceneOutliner:1 IsMainWorldOnly:0
 |   |   |- [+] [ 11]
 |   |   |   |- Guid:396A146B4DF11ED74F495BBCC5196CD9 BaseClass: NativeClass:/Script/Engine.VolumetricCloud Name:VolumetricCloud_UAID_A85E45CFE40401D200_1470381760 Label:VolumetricCloud SpatiallyLoaded:0 Bounds:IsValid=true, Min=(X=0.000 Y=0.000 Z=0.000), Max=(X=0.000 Y=0.000 Z=0.000) RuntimeGrid:None EditorOnly:0 RuntimeOnly:0 HLODRelevant:0 ListedInSceneOutliner:1 IsMainWorldOnly:0 FolderPath:Lighting FolderGuid:B7E9BD5B45A652654791988DEF54CCEB
 |   |   |- [+] [ 12]
 |   |   |   |- Guid:3ABB58B949B751E51B2048B0AD94FBE0 BaseClass: NativeClass:/Script/Engine.SkyLight Name:SkyLight_UAID_A85E45CFE40401D200_1470380759 Label:SkyLight SpatiallyLoaded:0 Bounds:IsValid=true, Min=(X=0.000 Y=0.000 Z=0.000), Max=(X=0.000 Y=0.000 Z=0.000) RuntimeGrid:None EditorOnly:0 RuntimeOnly:0 HLODRelevant:0 ListedInSceneOutliner:1 IsMainWorldOnly:0 FolderPath:Lighting FolderGuid:B7E9BD5B45A652654791988DEF54CCEB
 |   |   |- [+] [ 13]
 |   |   |   |- Guid:3ABF8778492478E28D37579CB5A83E87 BaseClass: NativeClass:/Script/Engine.StaticMeshActor Name:StaticMeshActor_UAID_A4AE111137DC54FB00_1240666663 Label:SM_SkySphere SpatiallyLoaded:0 Bounds:IsValid=true, Min=(X=-1638400.000 Y=-1638400.000 Z=-1638400.000), Max=(X=1638400.000 Y=1638400.000 Z=1638400.000) RuntimeGrid:None EditorOnly:0 RuntimeOnly:0 HLODRelevant:0 ListedInSceneOutliner:1 IsMainWorldOnly:1 FolderPath:Lighting FolderGuid:B7E9BD5B45A652654791988DEF54CCEB
 |   |   |- [+] [ 14]
 |   |   |   |- Guid:87159113496B79E68531629474C9FFCC BaseClass: NativeClass:/Script/Engine.StaticMeshActor Name:StaticMeshActor_UAID_30D042E63089D41D02_1492650441 Label:Cube3 SpatiallyLoaded:1 Bounds:IsValid=true, Min=(X=-1940.000 Y=-1150.000 Z=0.000), Max=(X=-1440.000 Y=-650.000 Z=500.000) RuntimeGrid:None EditorOnly:0 RuntimeOnly:0 HLODRelevant:0 ListedInSceneOutliner:1 IsMainWorldOnly:0
 |   |   |- [+] [ 15]
 |   |   |   |- Guid:8D97F84545CB04444E6C81A6E7814796 BaseClass: NativeClass:/Script/Engine.StaticMeshActor Name:StaticMeshActor_UAID_30D042E63089D41D02_1497159443 Label:Cube5 SpatiallyLoaded:1 Bounds:IsValid=true, Min=(X=-930.000 Y=-1700.000 Z=0.000), Max=(X=-830.000 Y=-1600.000 Z=100.000) RuntimeGrid:None EditorOnly:0 RuntimeOnly:0 HLODRelevant:0 ListedInSceneOutliner:1 IsMainWorldOnly:0
 |   |   |- [+] [ 16]
 |   |   |   |- Guid:9191C5C044D00C7503842CAA6E4F89E2 BaseClass: NativeClass:/Script/Engine.StaticMeshActor Name:StaticMeshActor_UAID_30D042E63089D41D02_1442744439 Label:Cube SpatiallyLoaded:1 Bounds:IsValid=true, Min=(X=-1280.000 Y=-2300.000 Z=0.000), Max=(X=-1180.000 Y=-2200.000 Z=100.000) RuntimeGrid:None EditorOnly:0 RuntimeOnly:0 HLODRelevant:0 ListedInSceneOutliner:1 IsMainWorldOnly:0
 |   |   |- [+] [ 17]
 |   |   |   |- Guid:99BA54C040EBD022E15D869840F8390D BaseClass: NativeClass:/Script/Engine.DirectionalLight Name:DirectionalLight_UAID_A85E45CFE40401D200_1470382761 Label:DirectionalLight SpatiallyLoaded:0 Bounds:Invalid RuntimeGrid:None EditorOnly:0 RuntimeOnly:0 HLODRelevant:0 ListedInSceneOutliner:1 IsMainWorldOnly:1 FolderPath:Lighting FolderGuid:B7E9BD5B45A652654791988DEF54CCEB
 |   |   |- [+] [ 18]
 |   |   |   |- Guid:A36F0C9044E61060DADD2C90016ECE22 BaseClass:/Game/shooter_level/AI/AI_CarModel/AI_CarBP.AI_CarBP_C NativeClass:/Script/ChaosVehicles.WheeledVehiclePawn Name:CarBP1_C_UAID_30D042E63089A01F02_1955872396 Label:AI_CarBP1 SpatiallyLoaded:1 Bounds:IsValid=true, Min=(X=-137.836 Y=-1452.029 Z=24.216), Max=(X=91.574 Y=-1211.969 Z=82.305) RuntimeGrid:None EditorOnly:0 RuntimeOnly:0 HLODRelevant:0 ListedInSceneOutliner:1 IsMainWorldOnly:0
 |   |   |- [+] [ 19]
 |   |   |   |- Guid:B0DF04054823C5CA975B50970F4B4D25 BaseClass: NativeClass:/Script/NavigationSystem.RecastNavMesh Name:RecastNavMesh_UAID_30D042E63089681F02-Default Label:RecastNavMesh-Default SpatiallyLoaded:0 Bounds:IsValid=true, Min=(X=0.000 Y=0.000 Z=0.000), Max=(X=0.000 Y=0.000 Z=0.000) RuntimeGrid:None EditorOnly:0 RuntimeOnly:0 HLODRelevant:0 ListedInSceneOutliner:1 IsMainWorldOnly:0
 |   |   |- [+] [ 20]
 |   |   |   |- Guid:B171E09042910840F6E23F8839221F94 BaseClass:/Game/shooter_level/AISplineFollowing/BP_TruckSplineFollowing.BP_TruckSplineFollowing_C NativeClass:/Script/Engine.Actor Name:BP_TruckSplineFollowing_C_UAID_30D042E63089082602_1819552034 Label:BP_TruckSplineFollowing SpatiallyLoaded:1 Bounds:IsValid=true, Min=(X=-1262.000 Y=2883.480 Z=21.714), Max=(X=-638.000 Y=3170.260 Z=365.820) RuntimeGrid:None EditorOnly:0 RuntimeOnly:0 HLODRelevant:0 ListedInSceneOutliner:1 IsMainWorldOnly:0
 |   |   |- [+] [ 21]
 |   |   |   |- Guid:B2FD513041B3B85FE3DDF0A264D8186E BaseClass: NativeClass:/Script/Engine.WorldDataLayers Name:WorldDataLayers Label:WorldDataLayers-1 SpatiallyLoaded:0 Bounds:Invalid RuntimeGrid:None EditorOnly:0 RuntimeOnly:0 HLODRelevant:0 ListedInSceneOutliner:1 IsMainWorldOnly:1
 |   |   |- [+] [ 22]
 |   |   |   |- Guid:BC3F2F884CBBD4DEB4E02F95D617F177 BaseClass: NativeClass:/Script/Engine.ExponentialHeightFog Name:ExponentialHeightFog_UAID_A85E45CFE40401D200_1470382763 Label:ExponentialHeightFog SpatiallyLoaded:0 Bounds:IsValid=true, Min=(X=-5600.000 Y=-50.000 Z=-6850.000), Max=(X=-5600.000 Y=-50.000 Z=-6850.000) RuntimeGrid:None EditorOnly:0 RuntimeOnly:0 HLODRelevant:0 ListedInSceneOutliner:1 IsMainWorldOnly:0 FolderPath:Lighting FolderGuid:B7E9BD5B45A652654791988DEF54CCEB
 |   |   |- [+] [ 23]
 |   |   |   |- Guid:C395BDF04379324F70D2EC8177A8694B BaseClass:/Game/shooter_level/FallOffTrigger.FallOffTrigger_C NativeClass:/Script/Engine.Actor Name:FallOffTrigger_C_UAID_30D042E63089671F02_1276890363 Label:FallOffTrigger SpatiallyLoaded:1 Bounds:IsValid=true, Min=(X=-17600.000 Y=-17600.000 Z=-232.000), Max=(X=17600.000 Y=17600.000 Z=-168.000) RuntimeGrid:None EditorOnly:0 RuntimeOnly:0 HLODRelevant:0 ListedInSceneOutliner:1 IsMainWorldOnly:0
 |   |   |- [+] [ 24]
 |   |   |   |- Guid:C6F16E85485719204F420398A567DAFD BaseClass:/Game/shooter_level/Ball.Ball_C NativeClass:/Script/Engine.Actor Name:Ball_C_UAID_30D042E630899B1F02_2019219513 Label:Ball SpatiallyLoaded:1 Bounds:IsValid=true, Min=(X=-694.000 Y=-376.000 Z=11.000), Max=(X=-198.000 Y=120.000 Z=507.000) RuntimeGrid:None EditorOnly:0 RuntimeOnly:0 HLODRelevant:0 ListedInSceneOutliner:1 IsMainWorldOnly:0
 |   |   |- [+] [ 25]
 |   |   |   |- Guid:CB9851894FEB54978C8DAAAD890D531C BaseClass: NativeClass:/Script/Landscape.Landscape Name:Landscape_UAID_A85E45CFE404FBD100_1221515703 Label:Landscape SpatiallyLoaded:0 Bounds:IsValid=true, Min=(X=-100800.000 Y=-100800.000 Z=100.000), Max=(X=-100800.000 Y=-100800.000 Z=100.000) RuntimeGrid:None EditorOnly:0 RuntimeOnly:0 HLODRelevant:0 ListedInSceneOutliner:1 IsMainWorldOnly:0
 |   |   |- [+] [ 26]
 |   |   |   |- Guid:E3325C2C42C686B37155508E837BC569 BaseClass:/Game/shooter_level/Truck/BP_Truck.BP_Truck_C NativeClass:/Script/ChaosVehicles.WheeledVehiclePawn Name:BP_Truck_C_UAID_30D042E63089DF2702_1490205930 Label:BP_Truck2 SpatiallyLoaded:1 Bounds:IsValid=true, Min=(X=-499.000 Y=-2139.000 Z=-1446.000), Max=(X=2701.000 Y=1061.000 Z=1754.000) RuntimeGrid:None EditorOnly:0 RuntimeOnly:0 HLODRelevant:0 ListedInSceneOutliner:1 IsMainWorldOnly:0
 |   |   |- [+] [ 27]
 |   |   |   |- Guid:EFFAFDEA40DD973EA89E999535C0CAFE BaseClass:/Game/shooter_level/AISplineFollowing/BP_AIPath.BP_AIPath_C NativeClass:/Script/Engine.Actor Name:BP_AIPath_C_UAID_30D042E63089072602_1571436856 Label:BP_AIPath SpatiallyLoaded:1 Bounds:IsValid=true, Min=(X=-2283.065 Y=-869.799 Z=-1.355), Max=(X=3116.286 Y=2705.589 Z=3.782) RuntimeGrid:None EditorOnly:0 RuntimeOnly:0 HLODRelevant:0 ListedInSceneOutliner:1 IsMainWorldOnly:0
 |   |   |- [+] [ 28]
 |   |   |   |- Guid:FA4C0D55499741FB21A9F98040049BAD BaseClass:/Game/shooter_level/Boss.Boss_C NativeClass:/Script/Engine.Character Name:Boss_C_UAID_30D042E63089681F02_1243387540 Label:Boss SpatiallyLoaded:1 Bounds:IsValid=true, Min=(X=-3751.309 Y=-3768.235 Z=8.000), Max=(X=-3042.411 Y=-3075.340 Z=168.000) RuntimeGrid:None EditorOnly:0 RuntimeOnly:0 HLODRelevant:0 ListedInSceneOutliner:1 IsMainWorldOnly:0
 |   |   |- [+] [ 29]
 |   |   |   |- Guid:FDDE9D674008A8E5EFD237A639E0715B BaseClass: NativeClass:/Script/Engine.StaticMeshActor Name:StaticMeshActor_UAID_30D042E630899B1F02_1724143511 Label:Sphere_Brush_StaticMesh SpatiallyLoaded:1 Bounds:IsValid=true, Min=(X=-696.000 Y=-1506.000 Z=4.000), Max=(X=-184.000 Y=-994.000 Z=516.000) RuntimeGrid:None EditorOnly:0 RuntimeOnly:0 HLODRelevant:0 ListedInSceneOutliner:1 IsMainWorldOnly:0
 |- ContainerInstances:
 |- [+] MainContainer:
 |   |-        ID: 00000000000000000000000000000000
 |   |-  ParentID: 00000000000000000000000000000000
 |   |-    Bounds: IsValid=true, Min=(X=-17600.000 Y=-17600.000 Z=-1446.000), Max=(X=17600.000 Y=17600.000 Z=1909.000)
 |   |- Transform: 0.000000,0.000000,0.000000|0.000000,0.000000,-0.000000|1.000000,1.000000,1.000000
 |   |- Container: /Game/shooter_level/ShooterLevel
----------------------------------------------------------------------------------------------------------------
ShooterLevel - Persistent Level
----------------------------------------------------------------------------------------------------------------
[+] Content of ShooterLevel Persistent Level
 |- Always loaded Actor Count: 15 
 |- Actor Path: /Game/shooter_level/ShooterLevel.ShooterLevel:PersistentLevel.CineCameraActor_UAID_30D042E63089651F02_1889843008
 |- Actor Package: /Game/__ExternalActors__/shooter_level/ShooterLevel/4/82/M6A57LJ869D63S4XOSCA2W
 |- Actor Path: /Game/shooter_level/ShooterLevel.ShooterLevel:PersistentLevel.CineCameraActor_UAID_30D042E63089651F02_1934513009
 |- Actor Package: /Game/__ExternalActors__/shooter_level/ShooterLevel/8/BV/T7CEKC8ZMV4NMA00I0BAWU
 |- Actor Path: /Game/shooter_level/ShooterLevel.ShooterLevel:PersistentLevel.CineCameraActor_UAID_30D042E63089D41D02_2002872445
 |- Actor Package: /Game/__ExternalActors__/shooter_level/ShooterLevel/3/HS/UT4R171PCMA883JDXFTICS
 |- Actor Path: /Game/shooter_level/ShooterLevel.ShooterLevel:PersistentLevel.DirectionalLight_UAID_A85E45CFE40401D200_1470382761
 |- Actor Package: /Game/__ExternalActors__/shooter_level/ShooterLevel/5/0Q/14AAUIYWEA12X4CK1DXWG4
 |- Actor Path: /Game/shooter_level/ShooterLevel.ShooterLevel:PersistentLevel.ExponentialHeightFog_UAID_A85E45CFE40401D200_1470382763
 |- Actor Package: /Game/__ExternalActors__/shooter_level/ShooterLevel/7/75/XGHGNFEDP11WCAY89JX3T6
 |- Actor Path: /Game/shooter_level/ShooterLevel.ShooterLevel:PersistentLevel.Landscape_UAID_A85E45CFE404FBD100_1221515703
 |- Actor Package: /Game/__ExternalActors__/shooter_level/ShooterLevel/B/QE/0RI6VBXWCGP1OGYK2Q3DEW
 |- Actor Path: /Game/shooter_level/ShooterLevel.ShooterLevel:PersistentLevel.LevelSequenceActor_UAID_30D042E63089D51D02_1124014622
 |- Actor Package: /Game/__ExternalActors__/shooter_level/ShooterLevel/3/X8/MDY4VJHY47W5026VNLVJNR
 |- Actor Path: /Game/shooter_level/ShooterLevel.ShooterLevel:PersistentLevel.NavMeshBoundsVolume_UAID_30D042E63089681F02_1284941541
 |- Actor Package: /Game/__ExternalActors__/shooter_level/ShooterLevel/6/14/RCEO24CEBEODONJC7KUETP
 |- Actor Path: /Game/shooter_level/ShooterLevel.ShooterLevel:PersistentLevel.PlayerStart_UAID_244BFEE9F5200E1D02_1688443585
 |- Actor Package: /Game/__ExternalActors__/shooter_level/ShooterLevel/3/DX/SNV7W9P6816T0UNVFEO0JW
 |- Actor Path: /Game/shooter_level/ShooterLevel.ShooterLevel:PersistentLevel.RecastNavMesh_UAID_30D042E63089681F02-Default
 |- Actor Package: /Game/__ExternalActors__/shooter_level/ShooterLevel/D/G0/84BNE2B6HC4JZ7PETB06DN
 |- Actor Path: /Game/shooter_level/ShooterLevel.ShooterLevel:PersistentLevel.SkyAtmosphere_UAID_A85E45CFE40401D200_1470382762
 |- Actor Package: /Game/__ExternalActors__/shooter_level/ShooterLevel/9/78/S9P2O153LPSE2ZCG2RZSXY
 |- Actor Path: /Game/shooter_level/ShooterLevel.ShooterLevel:PersistentLevel.SkyLight_UAID_A85E45CFE40401D200_1470380759
 |- Actor Package: /Game/__ExternalActors__/shooter_level/ShooterLevel/B/FA/IKPERN6JIY8QBKZMVTI6JA
 |- Actor Path: /Game/shooter_level/ShooterLevel.ShooterLevel:PersistentLevel.StaticMeshActor_UAID_A4AE111137DC54FB00_1240666663
 |- Actor Package: /Game/__ExternalActors__/shooter_level/ShooterLevel/5/H2/YK99BMD9XWQ3Z8N04R459E
 |- Actor Path: /Game/shooter_level/ShooterLevel.ShooterLevel:PersistentLevel.VolumetricCloud_UAID_A85E45CFE40401D200_1470381760
 |- Actor Package: /Game/__ExternalActors__/shooter_level/ShooterLevel/7/H1/CYGMMB1IRZJX0WDJDEOONL
 |- Actor Path: /Game/shooter_level/ShooterLevel.ShooterLevel:PersistentLevel.WorldDataLayers
 |- Actor Package: /Game/__ExternalActors__/shooter_level/ShooterLevel/A/BV/W86PB2N5XZCJSG67Q6JQYT

----------------------------------------------------------------------------------------------------------------
ShooterLevel - Runtime Hash Set
----------------------------------------------------------------------------------------------------------------
[+] Content of Cell ShooterLevel_MainGrid_-1_-1_0_0 (0M9N1GF1O6IC07DOFIPRJSC1N)
 |- Actor Count: 9
 |- [+] /Game/shooter_level/ShooterLevel.ShooterLevel:PersistentLevel.StaticMeshActor_UAID_30D042E63089D41D02_1488499440
 |   |-         Package: /Game/__ExternalActors__/shooter_level/ShooterLevel/8/VH/NOSSUGIS9F02O7KHT1ESMS
 |   |-     Editor Only: 0
 |   |-   Instance Guid: 054EEAF14595C20C3D8433B0C03F7E40
 |   |- [+] Container:
 |   |   |-        ID: 00000000000000000000000000000000
 |   |   |- Transform: 0.000000,0.000000,0.000000|0.000000,0.000000,-0.000000|1.000000,1.000000,1.000000
 |- [+] /Game/shooter_level/ShooterLevel.ShooterLevel:PersistentLevel.StaticMeshActor_UAID_30D042E63089D41D02_1494779442
 |   |-         Package: /Game/__ExternalActors__/shooter_level/ShooterLevel/0/CA/046ZJPLBXXT42LKRHNIVOP
 |   |-     Editor Only: 0
 |   |-   Instance Guid: 1878146F465908B00A8382BA8A25A8C2
 |   |- [+] Container:
 |   |   |-        ID: 00000000000000000000000000000000
 |   |   |- Transform: 0.000000,0.000000,0.000000|0.000000,0.000000,-0.000000|1.000000,1.000000,1.000000
 |- [+] /Game/shooter_level/ShooterLevel.ShooterLevel:PersistentLevel.StaticMeshActor_UAID_30D042E63089D41D02_1492650441
 |   |-         Package: /Game/__ExternalActors__/shooter_level/ShooterLevel/4/RE/Y3PVNKY6RUUQ23XZGYKNWS
 |   |-     Editor Only: 0
 |   |-   Instance Guid: 87159113496B79E68531629474C9FFCC
 |   |- [+] Container:
 |   |   |-        ID: 00000000000000000000000000000000
 |   |   |- Transform: 0.000000,0.000000,0.000000|0.000000,0.000000,-0.000000|1.000000,1.000000,1.000000
 |- [+] /Game/shooter_level/ShooterLevel.ShooterLevel:PersistentLevel.StaticMeshActor_UAID_30D042E63089D41D02_1497159443
 |   |-         Package: /Game/__ExternalActors__/shooter_level/ShooterLevel/9/I6/LTMNJRHEF0EFARZ90QL2GN
 |   |-     Editor Only: 0
 |   |-   Instance Guid: 8D97F84545CB04444E6C81A6E7814796
 |   |- [+] Container:
 |   |   |-        ID: 00000000000000000000000000000000
 |   |   |- Transform: 0.000000,0.000000,0.000000|0.000000,0.000000,-0.000000|1.000000,1.000000,1.000000
 |- [+] /Game/shooter_level/ShooterLevel.ShooterLevel:PersistentLevel.StaticMeshActor_UAID_30D042E63089D41D02_1442744439
 |   |-         Package: /Game/__ExternalActors__/shooter_level/ShooterLevel/6/WB/CY2GUN0BLMTRA7RMTGLDBP
 |   |-     Editor Only: 0
 |   |-   Instance Guid: 9191C5C044D00C7503842CAA6E4F89E2
 |   |- [+] Container:
 |   |   |-        ID: 00000000000000000000000000000000
 |   |   |- Transform: 0.000000,0.000000,0.000000|0.000000,0.000000,-0.000000|1.000000,1.000000,1.000000
 |- [+] /Game/shooter_level/ShooterLevel.ShooterLevel:PersistentLevel.CarBP1_C_UAID_30D042E63089A01F02_1955872396
 |   |-         Package: /Game/__ExternalActors__/shooter_level/ShooterLevel/6/TX/IE0YMUS25ZTAT0L5WS97WG
 |   |-     Editor Only: 0
 |   |-   Instance Guid: A36F0C9044E61060DADD2C90016ECE22
 |   |- [+] Container:
 |   |   |-        ID: 00000000000000000000000000000000
 |   |   |- Transform: 0.000000,0.000000,0.000000|0.000000,0.000000,-0.000000|1.000000,1.000000,1.000000
 |- [+] /Game/shooter_level/ShooterLevel.ShooterLevel:PersistentLevel.Ball_C_UAID_30D042E630899B1F02_2019219513
 |   |-         Package: /Game/__ExternalActors__/shooter_level/ShooterLevel/C/5H/PU73W2VOE76GSW2KLXNMYT
 |   |-     Editor Only: 0
 |   |-   Instance Guid: C6F16E85485719204F420398A567DAFD
 |   |- [+] Container:
 |   |   |-        ID: 00000000000000000000000000000000
 |   |   |- Transform: 0.000000,0.000000,0.000000|0.000000,0.000000,-0.000000|1.000000,1.000000,1.000000
 |- [+] /Game/shooter_level/ShooterLevel.ShooterLevel:PersistentLevel.Boss_C_UAID_30D042E63089681F02_1243387540
 |   |-         Package: /Game/__ExternalActors__/shooter_level/ShooterLevel/D/AF/78HA1JGKUC6C8868MZMBZS
 |   |-     Editor Only: 0
 |   |-   Instance Guid: FA4C0D55499741FB21A9F98040049BAD
 |   |- [+] Container:
 |   |   |-        ID: 00000000000000000000000000000000
 |   |   |- Transform: 0.000000,0.000000,0.000000|0.000000,0.000000,-0.000000|1.000000,1.000000,1.000000
 |- [+] /Game/shooter_level/ShooterLevel.ShooterLevel:PersistentLevel.StaticMeshActor_UAID_30D042E630899B1F02_1724143511
 |   |-         Package: /Game/__ExternalActors__/shooter_level/ShooterLevel/3/DO/YCDIMSN1VTF3HUXDDE0S9F
 |   |-     Editor Only: 0
 |   |-   Instance Guid: FDDE9D674008A8E5EFD237A639E0715B
 |   |- [+] Container:
 |   |   |-        ID: 00000000000000000000000000000000
 |   |   |- Transform: 0.000000,0.000000,0.000000|0.000000,0.000000,-0.000000|1.000000,1.000000,1.000000
[+] Content of Cell ShooterLevel_MainGrid_-1_0_0_0 (2KSI286RDPR9R8KX3M17WXU1I)
 |- Actor Count: 1
 |- [+] /Game/shooter_level/ShooterLevel.ShooterLevel:PersistentLevel.BP_TruckSplineFollowing_C_UAID_30D042E63089082602_1819552034
 |   |-         Package: /Game/__ExternalActors__/shooter_level/ShooterLevel/8/5T/BRFIRH9S1IK8T5CFVY46TW
 |   |-     Editor Only: 0
 |   |-   Instance Guid: B171E09042910840F6E23F8839221F94
 |   |- [+] Container:
 |   |   |-        ID: 00000000000000000000000000000000
 |   |   |- Transform: 0.000000,0.000000,0.000000|0.000000,0.000000,-0.000000|1.000000,1.000000,1.000000
[+] Content of Cell ShooterLevel_MainGrid_0_0_-1_1 (5QKAJJ1DNUKKLIQ39BGIHUNQD)
 |- Actor Count: 1
 |- [+] /Game/shooter_level/ShooterLevel.ShooterLevel:PersistentLevel.FallOffTrigger_C_UAID_30D042E63089671F02_1276890363
 |   |-         Package: /Game/__ExternalActors__/shooter_level/ShooterLevel/3/4D/5YNPR5VO20RHMW4P5KZKVD
 |   |-     Editor Only: 0
 |   |-   Instance Guid: C395BDF04379324F70D2EC8177A8694B
 |   |- [+] Container:
 |   |   |-        ID: 00000000000000000000000000000000
 |   |   |- Transform: 0.000000,0.000000,0.000000|0.000000,0.000000,-0.000000|1.000000,1.000000,1.000000
[+] Content of Cell ShooterLevel_MainGrid_0_0_0_0 (5VT5JFD54ZM6JD6DRW7LNQ22S)
 |- Actor Count: 1
 |- [+] /Game/shooter_level/ShooterLevel.ShooterLevel:PersistentLevel.BP_AIPath_C_UAID_30D042E63089072602_1571436856
 |   |-         Package: /Game/__ExternalActors__/shooter_level/ShooterLevel/3/RM/CK85W6RZN7BARP1JS2P8VQ
 |   |-     Editor Only: 0
 |   |-   Instance Guid: EFFAFDEA40DD973EA89E999535C0CAFE
 |   |- [+] Container:
 |   |   |-        ID: 00000000000000000000000000000000
 |   |   |- Transform: 0.000000,0.000000,0.000000|0.000000,0.000000,-0.000000|1.000000,1.000000,1.000000
[+] Content of Cell ShooterLevel_MainGrid_0_-1_0_0 (6SQVTSTNSQ6TL7NXS9280TVOD)
 |- Actor Count: 2
 |- [+] /Game/shooter_level/ShooterLevel.ShooterLevel:PersistentLevel.BP_Truck_C_UAID_30D042E63089022602_1822895975
 |   |-         Package: /Game/__ExternalActors__/shooter_level/ShooterLevel/0/4H/CX1NAH4TURR1QM20LMBSRI
 |   |-     Editor Only: 0
 |   |-   Instance Guid: 1D57A4C0474797E917CE0380F95849D7
 |   |- [+] Container:
 |   |   |-        ID: 00000000000000000000000000000000
 |   |   |- Transform: 0.000000,0.000000,0.000000|0.000000,0.000000,-0.000000|1.000000,1.000000,1.000000
 |- [+] /Game/shooter_level/ShooterLevel.ShooterLevel:PersistentLevel.BP_Truck_C_UAID_30D042E63089DF2702_1490205930
 |   |-         Package: /Game/__ExternalActors__/shooter_level/ShooterLevel/2/BN/7K6AZOB3SPZGFMEALNFRMF
 |   |-     Editor Only: 0
 |   |-   Instance Guid: E3325C2C42C686B37155508E837BC569
 |   |- [+] Container:
 |   |   |-        ID: 00000000000000000000000000000000
 |   |   |- Transform: 0.000000,0.000000,0.000000|0.000000,0.000000,-0.000000|1.000000,1.000000,1.000000
[+] Content of Cell ShooterLevel_MainGrid_0_0_-1_0 (EIZ19A1K1DURNEV45FSFONXN2)
 |- Actor Count: 1
 |- [+] /Game/shooter_level/ShooterLevel.ShooterLevel:PersistentLevel.StaticMeshActor_UAID_30D042E63089D11D02_2138673903
 |   |-         Package: /Game/__ExternalActors__/shooter_level/ShooterLevel/D/RL/GUWOHWTADPPPGI337S6ZDL
 |   |-     Editor Only: 0
 |   |-   Instance Guid: 0D5B23764D30C74FC59FE2A122510880
 |   |- [+] Container:
 |   |   |-        ID: 00000000000000000000000000000000
 |   |   |- Transform: 0.000000,0.000000,0.000000|0.000000,0.000000,-0.000000|1.000000,1.000000,1.000000

